Content for http://topnotchroofing.com.au:
Main Page Error: Failed to fetch the page
About Page Error: Failed to fetch the page
Contact Page Error: Failed to fetch the page
---------------------------------------------------------------


Content for https://www.cryoprep.com/:
Main Page Error: Failed to fetch the page
About Page Error: Failed to fetch the page
Contact Page Error: Failed to fetch the page
---------------------------------------------------------------


Content for https://www.vitachiropractic.com.au/:
Main Page Error: N/A
About Page Error: No matching page found for 'about'
Contact Page Error: N/A
---------------------------------------------------------------


Content for https://will-build-builder-carpenter.business.site/:
Main Page Error: Failed to fetch the page
About Page Error: Failed to fetch the page
Contact Page Error: Failed to fetch the page
---------------------------------------------------------------


Content for https://e1poolcertifier.com/:
Main Page Error: N/A
About Page Error: N/A
Contact Page Error: N/A
---------------------------------------------------------------


Content for https://charmaineiversen.com.au/:
Main Page Error: N/A
About Page Error: No matching page found for 'about'
Contact Page Error: No matching page found for 'contact'
---------------------------------------------------------------


Content for http://superiorfencing.com.au:
Main Page Error: N/A
About Page Error: No matching page found for 'about'
Contact Page Error: No matching page found for 'contact'
---------------------------------------------------------------


Content for https://wordofmouthglobal.com/:
Main Page Error: N/A
About Page Error: No matching page found for 'about'
Contact Page Error: N/A
---------------------------------------------------------------


Content for https://www.industrialsteel.com.au/:
Main Page Error: N/A
About Page Error: No matching page found for 'about'
Contact Page Error: N/A
---------------------------------------------------------------


Content for http://celebrantmissionbeach.com.au:
Main Page Error: N/A
About Page Error: No matching page found for 'about'
Contact Page Error: N/A
---------------------------------------------------------------


Content for https://figjam-painting-residential-commercial-painter-coffs.business.site/?m=true:
Main Page Error: Failed to fetch the page
About Page Error: Failed to fetch the page
Contact Page Error: Failed to fetch the page
---------------------------------------------------------------


Content for https://www.kibbeycooper.com.au/:
Main Page Error: N/A
About Page Error: N/A
Contact Page Error: N/A
---------------------------------------------------------------


Content for http://artandyou.com.au/:
Main Page Error: N/A
About Page Error: No matching page found for 'about'
Contact Page Error: No matching page found for 'contact'
---------------------------------------------------------------


Content for https://www.ghcbuilding.com/:
Main Page Error: N/A
About Page Error: N/A
Contact Page Error: No matching page found for 'contact'
---------------------------------------------------------------


Content for http://sced.com.au/:
Main Page Error: N/A
About Page Error: No matching page found for 'about'
Contact Page Error: No matching page found for 'contact'
---------------------------------------------------------------


Content for https://thesoulalchemist.com.au/:
Main Page Error: Failed to fetch the page
About Page Error: Failed to fetch the page
Contact Page Error: Failed to fetch the page
---------------------------------------------------------------


Content for http://www.wisehealth.com.au/:
Main Page Error: N/A
About Page Error: N/A
Contact Page Error: N/A
---------------------------------------------------------------


Content for https://www.lanneconveyancing.com.au/:
Main Page Error: N/A
About Page Error: N/A
Contact Page Error: N/A
---------------------------------------------------------------


Content for https://www.awesomepawsome.com.au/:
Main Page Error: N/A
About Page Error: No matching page found for 'about'
Contact Page Error: No matching page found for 'contact'
---------------------------------------------------------------


Content for https://quickfreeze.au/:
Main Page Error: N/A
About Page Error: No matching page found for 'about'
Contact Page Error: No matching page found for 'contact'
---------------------------------------------------------------


Content for http://samanthamellingmassagetherapies.com.au:
Main Page Error: Failed to fetch the page
About Page Error: Failed to fetch the page
Contact Page Error: Failed to fetch the page
---------------------------------------------------------------


Content for https://www.icepower.com.au/:
Main Page Error: N/A
About Page Error: N/A
Contact Page Error: N/A
---------------------------------------------------------------


Content for http://perthcremationswa.com.au:
Main Page Error: N/A
About Page Error: No matching page found for 'about'
Contact Page Error: No matching page found for 'contact'
---------------------------------------------------------------


Content for https://soundequipmentmelbourne.com.au/:
Main Page Error: N/A
About Page Error: No matching page found for 'about'
Contact Page Error: N/A
---------------------------------------------------------------


Content for https://www.lasvisionplus.com.au/:
Main Page Error: N/A
About Page Error: N/A
Contact Page Error: N/A
---------------------------------------------------------------


Content for http://www.kanvaskraft.com.au:
Main Page Error: N/A
About Page Error: No matching page found for 'about'
Contact Page Error: N/A
---------------------------------------------------------------


Content for https://www.grothconstruct.com/:
Main Page Error: N/A
About Page Error: No matching page found for 'about'
Contact Page Error: N/A
---------------------------------------------------------------


Content for https://aussiediscreetstore.com/:
Main Page Error: N/A
About Page Error: No matching page found for 'about'
Contact Page Error: No matching page found for 'contact'
---------------------------------------------------------------


Content for http://www.centralcoastshuttersblindsandawnings.com.au/:
Main Page Error: N/A
About Page Error: No matching page found for 'about'
Contact Page Error: No matching page found for 'contact'
---------------------------------------------------------------


Content for http://www.autoelectrician2u.com.au/:
Main Page Error: N/A
About Page Error: No matching page found for 'about'
Contact Page Error: N/A
---------------------------------------------------------------


Content for http://kerwinhomes.com.au:
Main Page Error: N/A
About Page Error: No matching page found for 'about'
Contact Page Error: No matching page found for 'contact'
---------------------------------------------------------------


Content for http://www.garmischfabrications.com.au/:
Main Page Error: N/A
About Page Error: No matching page found for 'about'
Contact Page Error: No matching page found for 'contact'
---------------------------------------------------------------


Content for https://www.beachstherapy.com.au:
Main Page Error: N/A
About Page Error: N/A
Contact Page Error: N/A
---------------------------------------------------------------


Content for https://maitriclinic.com/:
Main Page Error: N/A
About Page Error: N/A
Contact Page Error: N/A
---------------------------------------------------------------


Content for https://yourceremony.net.au:
Main Page Error: Failed to fetch the page
About Page Error: Failed to fetch the page
Contact Page Error: Failed to fetch the page
---------------------------------------------------------------


Content for https://munnoparaconcrete.com.au/:
Main Page Error: N/A
About Page Error: N/A
Contact Page Error: N/A
---------------------------------------------------------------


Content for https://www.julieritch.com.au/:
Main Page Error: N/A
About Page Error: N/A
Contact Page Error: N/A
---------------------------------------------------------------


Content for https://www.celebranttasmania.com/:
Main Page Error: N/A
About Page Error: No matching page found for 'about'
Contact Page Error: N/A
---------------------------------------------------------------


Content for https://janela35.wixsite.com/lisaweddingservices:
Main Page Error: N/A
About Page Error: No matching page found for 'about'
Contact Page Error: No matching page found for 'contact'
---------------------------------------------------------------


Content for http://paradisemarriages.com:
Main Page Error: N/A
About Page Error: N/A
Contact Page Error: N/A
---------------------------------------------------------------


Content for http://creativeblockspsychology.com.au/:
Main Page Error: N/A
About Page Error: No matching page found for 'about'
Contact Page Error: No matching page found for 'contact'
---------------------------------------------------------------


Content for https://mary-ann-holt-celebrant-wedding-ceremonies.business.site/:
Main Page Error: Failed to fetch the page
About Page Error: Failed to fetch the page
Contact Page Error: Failed to fetch the page
---------------------------------------------------------------


Content for http://www.metunghotsprings.com/metung-country-club:
Main Page Error: N/A
About Page Error: No matching page found for 'about'
Contact Page Error: N/A
---------------------------------------------------------------


Content for http://www.queenscliffgolfclub.com.au/:
Main Page Error: N/A
About Page Error: No matching page found for 'about'
Contact Page Error: No matching page found for 'contact'
---------------------------------------------------------------


Content for https://www.facebook.com/www.golfclubtumba.com.au/:
Main Page Error: N/A
About Page Error: No matching page found for 'about'
Contact Page Error: No matching page found for 'contact'
---------------------------------------------------------------


Content for http://www.beaconhillsgolf.com.au/:
Main Page Error: N/A
About Page Error: No matching page found for 'about'
Contact Page Error: No matching page found for 'contact'
---------------------------------------------------------------


Content for http://www.cottesloegc.com/welcome/index.mhtml:
Main Page Error: N/A
About Page Error: No matching page found for 'about'
Contact Page Error: No matching page found for 'contact'
---------------------------------------------------------------


Content for http://www.neangarparkgc.com/:
Main Page Error: N/A
About Page Error: No matching page found for 'about'
Contact Page Error: No matching page found for 'contact'
---------------------------------------------------------------


Content for http://asquithgolfclub.com.au/:
Main Page Error: N/A
About Page Error: No matching page found for 'about'
Contact Page Error: No matching page found for 'contact'
---------------------------------------------------------------


Content for http://www.highercombegolf.com.au/:
Main Page Error: N/A
About Page Error: No matching page found for 'about'
Contact Page Error: No matching page found for 'contact'
---------------------------------------------------------------


Content for http://www.bayviewgolfclub.com.au/:
Main Page Error: N/A
About Page Error: No matching page found for 'about'
Contact Page Error: N/A
---------------------------------------------------------------


Content for http://inverleighgolfclub.asn.au/:
Main Page Error: N/A
About Page Error: No matching page found for 'about'
Contact Page Error: No matching page found for 'contact'
---------------------------------------------------------------


Content for http://www.barnwellparkgolfclub.com.au/:
Main Page Error: N/A
About Page Error: No matching page found for 'about'
Contact Page Error: No matching page found for 'contact'
---------------------------------------------------------------


Content for http://www.nswgolfclub.com.au/:
Main Page Error: N/A
About Page Error: No matching page found for 'about'
Contact Page Error: No matching page found for 'contact'
---------------------------------------------------------------


Content for http://www.rowesbaygolfclub.com.au/?utm_source=google&utm_medium=organic&utm_campaign=gmb:
Main Page Error: N/A
About Page Error: No matching page found for 'about'
Contact Page Error: No matching page found for 'contact'
---------------------------------------------------------------


Content for https://eastwoodgolf.com.au/:
Main Page Error: N/A
About Page Error: N/A
Contact Page Error: N/A
---------------------------------------------------------------


Content for http://www.cooberpedygolfclub.com.au/:
Main Page Error: N/A
About Page Error: N/A
Contact Page Error: No matching page found for 'contact'
---------------------------------------------------------------


Content for http://www.sheppartongolf.net.au/:
Main Page Error: N/A
About Page Error: No matching page found for 'about'
Contact Page Error: No matching page found for 'contact'
---------------------------------------------------------------


Content for http://www.moegolfclub.com.au/:
Main Page Error: N/A
About Page Error: No matching page found for 'about'
Contact Page Error: No matching page found for 'contact'
---------------------------------------------------------------


Content for https://www.golf.org.au/?utm_source=gmb&utm_medium=organic&utm_campaign=gmb:
Main Page Error: N/A
About Page Error: N/A
Contact Page Error: N/A
---------------------------------------------------------------


Content for https://www.humptydoogolfclub.com.au/:
Main Page Error: N/A
About Page Error: N/A
Contact Page Error: No matching page found for 'contact'
---------------------------------------------------------------


Content for http://www.terreyhillsgolf.com.au/:
Main Page Error: N/A
About Page Error: No matching page found for 'about'
Contact Page Error: No matching page found for 'contact'
---------------------------------------------------------------


Content for http://www.armidalegolf.com.au/:
Main Page Error: N/A
About Page Error: No matching page found for 'about'
Contact Page Error: No matching page found for 'contact'
---------------------------------------------------------------


Content for http://www.devilbendgolf.com.au/:
Main Page Error: N/A
About Page Error: No matching page found for 'about'
Contact Page Error: No matching page found for 'contact'
---------------------------------------------------------------


Content for http://portmacquariegolf.com.au/:
Main Page Error: N/A
About Page Error: No matching page found for 'about'
Contact Page Error: N/A
---------------------------------------------------------------


Content for http://www.leuragolfclub.com.au/:
Main Page Error: N/A
About Page Error: No matching page found for 'about'
Contact Page Error: No matching page found for 'contact'
---------------------------------------------------------------


Content for https://jamberoogolf.com.au/:
Main Page Error: N/A
About Page Error: No matching page found for 'about'
Contact Page Error: N/A
---------------------------------------------------------------


Content for http://www.richriver.com.au/:
Main Page Error: N/A
About Page Error: N/A
Contact Page Error: No matching page found for 'contact'
---------------------------------------------------------------


Content for http://www.facebook.com/moranbahgolfclub:
Main Page Error: N/A
About Page Error: No matching page found for 'about'
Contact Page Error: No matching page found for 'contact'
---------------------------------------------------------------


Content for http://www.royalfremantlegc.com.au/:
Main Page Error: N/A
About Page Error: No matching page found for 'about'
Contact Page Error: No matching page found for 'contact'
---------------------------------------------------------------


Content for http://www.cheltenhamgolf.com.au/:
Main Page Error: N/A
About Page Error: No matching page found for 'about'
Contact Page Error: No matching page found for 'contact'
---------------------------------------------------------------


Content for http://www.boxhillgolfclub.com.au/?utm_source=GMB&utm_medium=GMB&utm_campaign=GMB:
Main Page Error: N/A
About Page Error: No matching page found for 'about'
Contact Page Error: No matching page found for 'contact'
---------------------------------------------------------------


Content for https://forstertuncurrygolf.com.au/:
Main Page Error: N/A
About Page Error: N/A
Contact Page Error: N/A
---------------------------------------------------------------


Content for http://www.sandygallop.com.au/:
Main Page Error: N/A
About Page Error: No matching page found for 'about'
Contact Page Error: N/A
---------------------------------------------------------------


Content for http://penfieldgolfclub.com.au/:
Main Page Error: N/A
About Page Error: No matching page found for 'about'
Contact Page Error: No matching page found for 'contact'
---------------------------------------------------------------


Content for http://www.howlonggolf.com.au/:
Main Page Error: N/A
About Page Error: No matching page found for 'about'
Contact Page Error: N/A
---------------------------------------------------------------


Content for http://www.windaroolakes.com.au/:
Main Page Error: N/A
About Page Error: N/A
Contact Page Error: N/A
---------------------------------------------------------------


Content for http://www.nudgeegolf.com.au/:
Main Page Error: N/A
About Page Error: No matching page found for 'about'
Contact Page Error: No matching page found for 'contact'
---------------------------------------------------------------


Content for http://redcliffegolf.com/:
Main Page Error: N/A
About Page Error: No matching page found for 'about'
Contact Page Error: No matching page found for 'contact'
---------------------------------------------------------------


Content for http://www.camdengolfclub.com.au/:
Main Page Error: N/A
About Page Error: N/A
Contact Page Error: N/A
---------------------------------------------------------------


Content for http://www.hamiltonisland.com.au/bars-and-clubs/clubhouse-restaurant:
Main Page Error: N/A
About Page Error: No matching page found for 'about'
Contact Page Error: No matching page found for 'contact'
---------------------------------------------------------------


Content for http://theridgegolf.com.au/:
Main Page Error: N/A
About Page Error: No matching page found for 'about'
Contact Page Error: No matching page found for 'contact'
---------------------------------------------------------------


Content for https://meadowpark.com.au/:
Main Page Error: N/A
About Page Error: N/A
Contact Page Error: N/A
---------------------------------------------------------------


Content for http://www.port.golf/:
Main Page Error: N/A
About Page Error: No matching page found for 'about'
Contact Page Error: No matching page found for 'contact'
---------------------------------------------------------------


Content for http://www.ouyengolfclub.com.au/:
Main Page Error: N/A
About Page Error: No matching page found for 'about'
Contact Page Error: N/A
---------------------------------------------------------------


Content for https://www.wgc.net.au/cms/:
Main Page Error: Failed to fetch the page
About Page Error: Failed to fetch the page
Contact Page Error: Failed to fetch the page
---------------------------------------------------------------


Content for http://www.murwillumbahgolfclub.com.au/:
Main Page Error: N/A
About Page Error: No matching page found for 'about'
Contact Page Error: No matching page found for 'contact'
---------------------------------------------------------------


Content for http://aehgroup.com.au/shop:
Main Page Error: Failed to fetch the page
About Page Error: Failed to fetch the page
Contact Page Error: Failed to fetch the page
---------------------------------------------------------------


Content for http://www.cranbournegolf.com.au/:
Main Page Error: N/A
About Page Error: No matching page found for 'about'
Contact Page Error: No matching page found for 'contact'
---------------------------------------------------------------


Content for http://www.portkemblagolfclub.com.au/:
Main Page Error: N/A
About Page Error: No matching page found for 'about'
Contact Page Error: No matching page found for 'contact'
---------------------------------------------------------------


Content for http://www.lonsdalelinks.com.au/:
Main Page Error: N/A
About Page Error: No matching page found for 'about'
Contact Page Error: No matching page found for 'contact'
---------------------------------------------------------------


Content for http://www.inverlochpar3.com.au/:
Main Page Error: N/A
About Page Error: No matching page found for 'about'
Contact Page Error: No matching page found for 'contact'
---------------------------------------------------------------


Content for https://swanreachgolfclub.com.au/:
Main Page Error: N/A
About Page Error: N/A
Contact Page Error: N/A
---------------------------------------------------------------


Content for http://hamiltongolfclub.com.au/:
Main Page Error: Failed to fetch the page
About Page Error: Failed to fetch the page
Contact Page Error: Failed to fetch the page
---------------------------------------------------------------


Content for http://www.camdenlakeside.com.au/:
Main Page Error: N/A
About Page Error: No matching page found for 'about'
Contact Page Error: No matching page found for 'contact'
---------------------------------------------------------------


Content for http://www.brightonlakesrgc.com.au/:
Main Page Error: N/A
About Page Error: No matching page found for 'about'
Contact Page Error: No matching page found for 'contact'
---------------------------------------------------------------


Content for http://www.sandhurst.com/:
Main Page Error: N/A
About Page Error: No matching page found for 'about'
Contact Page Error: No matching page found for 'contact'
---------------------------------------------------------------


Content for https://mtderrimut.com.au/:
Main Page Error: N/A
About Page Error: No matching page found for 'about'
Contact Page Error: No matching page found for 'contact'
---------------------------------------------------------------


