Content for http://topnotchroofing.com.au:
Main Page Error: Failed to fetch the page
About Page Error: Failed to fetch the page
Contact Page Error: Failed to fetch the page
---------------------------------------------------------------


Content for https://www.cryoprep.com/:
Main Page Error: Failed to fetch the page
About Page Error: Failed to fetch the page
Contact Page Error: Failed to fetch the page
---------------------------------------------------------------


Content for https://www.vitachiropractic.com.au/:
Main Page Error: N/A
About Page Error: No matching page found for 'about'
Contact Page Error: N/A
---------------------------------------------------------------


Content for https://will-build-builder-carpenter.business.site/:
Main Page Error: Failed to fetch the page
About Page Error: Failed to fetch the page
Contact Page Error: Failed to fetch the page
---------------------------------------------------------------


Content for https://e1poolcertifier.com/:
Main Page Error: N/A
About Page Error: N/A
Contact Page Error: N/A
---------------------------------------------------------------


Content for https://charmaineiversen.com.au/:
Main Page Error: N/A
About Page Error: No matching page found for 'about'
Contact Page Error: No matching page found for 'contact'
---------------------------------------------------------------


Content for http://superiorfencing.com.au:
Main Page Error: N/A
About Page Error: No matching page found for 'about'
Contact Page Error: No matching page found for 'contact'
---------------------------------------------------------------


Content for https://wordofmouthglobal.com/:
Main Page Error: N/A
About Page Error: No matching page found for 'about'
Contact Page Error: N/A
---------------------------------------------------------------


Content for https://www.industrialsteel.com.au/:
Main Page Error: N/A
About Page Error: No matching page found for 'about'
Contact Page Error: N/A
---------------------------------------------------------------


Content for http://celebrantmissionbeach.com.au:
Main Page Error: N/A
About Page Error: No matching page found for 'about'
Contact Page Error: N/A
---------------------------------------------------------------


Content for https://figjam-painting-residential-commercial-painter-coffs.business.site/?m=true:
Main Page Error: Failed to fetch the page
About Page Error: Failed to fetch the page
Contact Page Error: Failed to fetch the page
---------------------------------------------------------------


Content for https://www.kibbeycooper.com.au/:
Main Page Error: N/A
About Page Error: N/A
Contact Page Error: N/A
---------------------------------------------------------------


Content for http://artandyou.com.au/:
Main Page Error: N/A
About Page Error: No matching page found for 'about'
Contact Page Error: No matching page found for 'contact'
---------------------------------------------------------------


Content for https://www.ghcbuilding.com/:
Main Page Error: N/A
About Page Error: N/A
Contact Page Error: No matching page found for 'contact'
---------------------------------------------------------------


Content for http://sced.com.au/:
Main Page Error: N/A
About Page Error: No matching page found for 'about'
Contact Page Error: No matching page found for 'contact'
---------------------------------------------------------------


Content for https://thesoulalchemist.com.au/:
Main Page Error: Failed to fetch the page
About Page Error: Failed to fetch the page
Contact Page Error: Failed to fetch the page
---------------------------------------------------------------


Content for http://www.wisehealth.com.au/:
Main Page Error: N/A
About Page Error: N/A
Contact Page Error: N/A
---------------------------------------------------------------


Content for https://www.lanneconveyancing.com.au/:
Main Page Error: N/A
About Page Error: N/A
Contact Page Error: N/A
---------------------------------------------------------------


Content for https://www.awesomepawsome.com.au/:
Main Page Error: N/A
About Page Error: No matching page found for 'about'
Contact Page Error: No matching page found for 'contact'
---------------------------------------------------------------


Content for https://quickfreeze.au/:
Main Page Error: N/A
About Page Error: No matching page found for 'about'
Contact Page Error: No matching page found for 'contact'
---------------------------------------------------------------


Content for http://samanthamellingmassagetherapies.com.au:
Main Page Error: Failed to fetch the page
About Page Error: Failed to fetch the page
Contact Page Error: Failed to fetch the page
---------------------------------------------------------------


Content for https://www.icepower.com.au/:
Main Page Error: N/A
About Page Error: N/A
Contact Page Error: N/A
---------------------------------------------------------------


Content for http://perthcremationswa.com.au:
Main Page Error: N/A
About Page Error: No matching page found for 'about'
Contact Page Error: No matching page found for 'contact'
---------------------------------------------------------------


Content for https://soundequipmentmelbourne.com.au/:
Main Page Error: N/A
About Page Error: No matching page found for 'about'
Contact Page Error: N/A
---------------------------------------------------------------


Content for https://www.lasvisionplus.com.au/:
Main Page Error: N/A
About Page Error: N/A
Contact Page Error: N/A
---------------------------------------------------------------


Content for http://www.kanvaskraft.com.au:
Main Page Error: N/A
About Page Error: No matching page found for 'about'
Contact Page Error: N/A
---------------------------------------------------------------


Content for https://www.grothconstruct.com/:
Main Page Error: N/A
About Page Error: No matching page found for 'about'
Contact Page Error: N/A
---------------------------------------------------------------


Content for https://aussiediscreetstore.com/:
Main Page Error: N/A
About Page Error: No matching page found for 'about'
Contact Page Error: No matching page found for 'contact'
---------------------------------------------------------------


Content for http://www.centralcoastshuttersblindsandawnings.com.au/:
Main Page Error: N/A
About Page Error: No matching page found for 'about'
Contact Page Error: No matching page found for 'contact'
---------------------------------------------------------------


Content for http://www.autoelectrician2u.com.au/:
Main Page Error: N/A
About Page Error: No matching page found for 'about'
Contact Page Error: N/A
---------------------------------------------------------------


