Content for http://topnotchroofing.com.au:
Main Page Error: HTTPConnectionPool(host='topnotchroofing.com.au', port=80): Max retries exceeded with url: / (Caused by NewConnectionError('<urllib3.connection.HTTPConnection object at 0x7f87e0fa5400>: Failed to establish a new connection: [Errno 8] nodename nor servname provided, or not known'))
About Page Error: HTTPConnectionPool(host='topnotchroofing.com.au', port=80): Max retries exceeded with url: /about (Caused by NewConnectionError('<urllib3.connection.HTTPConnection object at 0x7f87e0fa5160>: Failed to establish a new connection: [Errno 8] nodename nor servname provided, or not known'))
Contact Page Error: HTTPConnectionPool(host='topnotchroofing.com.au', port=80): Max retries exceeded with url: /contact (Caused by NewConnectionError('<urllib3.connection.HTTPConnection object at 0x7f87e0fa5af0>: Failed to establish a new connection: [Errno 8] nodename nor servname provided, or not known'))
---------------------------------------------------------------


Content for https://www.cryoprep.com/:
Main Page Error: HTTPSConnectionPool(host='www.cryoprep.com', port=443): Max retries exceeded with url: / (Caused by NewConnectionError('<urllib3.connection.HTTPSConnection object at 0x7f87e0fa5a00>: Failed to establish a new connection: [Errno 8] nodename nor servname provided, or not known'))
About Page Error: HTTPSConnectionPool(host='www.cryoprep.com', port=443): Max retries exceeded with url: /about (Caused by NewConnectionError('<urllib3.connection.HTTPSConnection object at 0x7f87e0fa53d0>: Failed to establish a new connection: [Errno 8] nodename nor servname provided, or not known'))
Contact Page Error: HTTPSConnectionPool(host='www.cryoprep.com', port=443): Max retries exceeded with url: /contact (Caused by NewConnectionError('<urllib3.connection.HTTPSConnection object at 0x7f87e0fa5340>: Failed to establish a new connection: [Errno 8] nodename nor servname provided, or not known'))
---------------------------------------------------------------


Content for https://www.vitachiropractic.com.au/:
Main Page Error: N/A
About Page Error: 404 Client Error: Not Found for url: https://www.vitachiropractic.com.au/about
Contact Page Error: N/A
---------------------------------------------------------------


Content for https://will-build-builder-carpenter.business.site/:
Main Page Error: 404 Client Error: Not Found for url: https://will-build-builder-carpenter.business.site/
About Page Error: 404 Client Error: Not Found for url: https://will-build-builder-carpenter.business.site/about
Contact Page Error: 404 Client Error: Not Found for url: https://will-build-builder-carpenter.business.site/contact
---------------------------------------------------------------


Content for https://e1poolcertifier.com/:
Main Page Error: N/A
About Page Error: 404 Client Error: Not Found for url: https://e1poolcertifier.com/about
Contact Page Error: N/A
---------------------------------------------------------------


Content for https://charmaineiversen.com.au/:
Main Page Error: N/A
About Page Error: 404 Client Error: Not Found for url: https://charmaineiversen.com.au/about
Contact Page Error: 404 Client Error: Not Found for url: https://charmaineiversen.com.au/contact
---------------------------------------------------------------


Content for http://superiorfencing.com.au:
Main Page Error: N/A
About Page Error: N/A
Contact Page Error: N/A
---------------------------------------------------------------


Content for https://wordofmouthglobal.com/:
Main Page Error: N/A
About Page Error: 404 Client Error: Not Found for url: https://wordofmouthglobal.com/about
Contact Page Error: N/A
---------------------------------------------------------------


Content for https://www.industrialsteel.com.au/:
Main Page Error: N/A
About Page Error: N/A
Contact Page Error: 404 Client Error: Not Found for url: https://www.industrialsteel.com.au/contact
---------------------------------------------------------------


Content for http://celebrantmissionbeach.com.au:
Main Page Error: N/A
About Page Error: 404 Client Error: Not Found for url: https://www.celebrantmissionbeach.com.au/about
Contact Page Error: N/A
---------------------------------------------------------------


Content for https://figjam-painting-residential-commercial-painter-coffs.business.site/?m=true:
Main Page Error: 404 Client Error: Not Found for url: https://figjam-painting-residential-commercial-painter-coffs.business.site/?m=true
About Page Error: 404 Client Error: Not Found for url: https://figjam-painting-residential-commercial-painter-coffs.business.site/?m=true/about
Contact Page Error: 404 Client Error: Not Found for url: https://figjam-painting-residential-commercial-painter-coffs.business.site/?m=true/contact
---------------------------------------------------------------


Content for https://www.kibbeycooper.com.au/:
Main Page Error: 403 Client Error: Forbidden for url: https://www.kibbeycooper.com.au/
About Page Error: 403 Client Error: Forbidden for url: https://www.kibbeycooper.com.au/about
Contact Page Error: 403 Client Error: Forbidden for url: https://www.kibbeycooper.com.au/contact
---------------------------------------------------------------


Content for http://artandyou.com.au/:
Main Page Error: N/A
About Page Error: N/A
Contact Page Error: N/A
---------------------------------------------------------------


Content for https://www.ghcbuilding.com/:
Main Page Error: N/A
About Page Error: 404 Client Error: Not Found for url: https://www.ghcbuilding.com/about
Contact Page Error: 404 Client Error: Not Found for url: https://www.ghcbuilding.com/contact
---------------------------------------------------------------


Content for http://sced.com.au/:
Main Page Error: N/A
About Page Error: N/A
Contact Page Error: 404 Client Error: Not Found for url: http://sced.com.au/contact
---------------------------------------------------------------


Content for https://thesoulalchemist.com.au/:
Main Page Error: N/A
About Page Error: 403 Client Error: Forbidden for url: https://thesoulalchemist.com.au/about
Contact Page Error: 403 Client Error: Forbidden for url: https://thesoulalchemist.com.au/contact
---------------------------------------------------------------


Content for http://www.wisehealth.com.au/:
Main Page Error: N/A
About Page Error: 404 Client Error: Not Found for url: http://www.wisehealth.com.au/about
Contact Page Error: 404 Client Error: Not Found for url: http://www.wisehealth.com.au/contact
---------------------------------------------------------------


Content for https://www.lanneconveyancing.com.au/:
Main Page Error: N/A
About Page Error: 404 Client Error: Not Found for url: https://www.lanneconveyancing.com.au/about
Contact Page Error: 404 Client Error: Not Found for url: https://www.lanneconveyancing.com.au/contact
---------------------------------------------------------------


Content for https://www.awesomepawsome.com.au/:
Main Page Error: N/A
About Page Error: 404 Client Error: Not Found for url: https://www.awesomepawsome.com.au/about
Contact Page Error: 404 Client Error: Not Found for url: https://www.awesomepawsome.com.au/contact
---------------------------------------------------------------


Content for https://quickfreeze.au/:
Main Page Error: N/A
About Page Error: 404 Client Error: Not Found for url: https://quickfreeze.au/about
Contact Page Error: 404 Client Error: Not Found for url: https://quickfreeze.au/contact
---------------------------------------------------------------


Content for http://samanthamellingmassagetherapies.com.au:
Main Page Error: N/A
About Page Error: 403 Client Error: Forbidden for url: http://samanthamellingmassagetherapies.com.au/about
Contact Page Error: 403 Client Error: Forbidden for url: http://samanthamellingmassagetherapies.com.au/contact
---------------------------------------------------------------


Content for https://www.icepower.com.au/:
Main Page Error: N/A
About Page Error: N/A
Contact Page Error: N/A
---------------------------------------------------------------


Content for http://perthcremationswa.com.au:
Main Page Error: N/A
About Page Error: N/A
Contact Page Error: N/A
---------------------------------------------------------------


Content for https://soundequipmentmelbourne.com.au/:
Main Page Error: N/A
About Page Error: 404 Client Error: Not Found for url: https://soundequipmentmelbourne.com.au/about
Contact Page Error: 404 Client Error: Not Found for url: https://soundequipmentmelbourne.com.au/contact
---------------------------------------------------------------


Content for https://www.lasvisionplus.com.au/:
Main Page Error: N/A
About Page Error: 404 Client Error: Not Found for url: https://www.lasvisionplus.com.au/about
Contact Page Error: N/A
---------------------------------------------------------------


Content for http://www.kanvaskraft.com.au:
Main Page Error: 403 Client Error: Forbidden for url: http://www.kanvaskraft.com.au/
About Page Error: 403 Client Error: Forbidden for url: http://www.kanvaskraft.com.au/about
Contact Page Error: 403 Client Error: Forbidden for url: http://www.kanvaskraft.com.au/contact
---------------------------------------------------------------


Content for https://www.grothconstruct.com/:
Main Page Error: N/A
About Page Error: N/A
Contact Page Error: N/A
---------------------------------------------------------------


Content for https://aussiediscreetstore.com/:
Main Page Error: N/A
About Page Error: N/A
Contact Page Error: N/A
---------------------------------------------------------------


Content for http://www.centralcoastshuttersblindsandawnings.com.au/:
Main Page Error: N/A
About Page Error: 404 Client Error: Not Found for url: http://centralcoastshuttersblindsandawnings.com.au/about
Contact Page Error: N/A
---------------------------------------------------------------


Content for http://www.autoelectrician2u.com.au/:
Main Page Error: N/A
About Page Error: 404 Client Error: Not Found for url: http://www.autoelectrician2u.com.au/about
Contact Page Error: 404 Client Error: Not Found for url: http://www.autoelectrician2u.com.au/contact
---------------------------------------------------------------


Content for http://kerwinhomes.com.au:
Main Page Error: N/A
About Page Error: 404 Client Error: Not Found for url: http://kerwinhomes.com.au/about
Contact Page Error: 404 Client Error: Not Found for url: http://kerwinhomes.com.au/contact
---------------------------------------------------------------


Content for http://www.garmischfabrications.com.au/:
Main Page Error: N/A
About Page Error: 404 Client Error: Not Found for url: https://www.garmischfabrications.com.au/about
Contact Page Error: N/A
---------------------------------------------------------------


Content for https://www.beachstherapy.com.au:
Main Page Error: N/A
About Page Error: N/A
Contact Page Error: N/A
---------------------------------------------------------------


Content for https://maitriclinic.com/:
Main Page Error: N/A
About Page Error: N/A
Contact Page Error: N/A
---------------------------------------------------------------


Content for https://yourceremony.net.au:
Main Page Error: HTTPSConnectionPool(host='yourceremony.net.au', port=443): Max retries exceeded with url: / (Caused by SSLError(SSLCertVerificationError("hostname 'yourceremony.net.au' doesn't match either of 'accesscomms.au', 'adjusterusa.com', 'aedcourse.com', 'agworkforce.au', 'akinnovations.au', 'akwineclub.com', 'albury.florist', 'amelia-marie.com', 'americansta.org', 'anissafox.com', 'aplusexhaust.com', 'arcmigration.com', 'ausphysios.com', 'aztecblades.com', 'bellesoap.com', 'benchtops.biz', 'benchtops.net', 'billiardscam.com', 'blackoxide.au', 'bodypractic.com', 'boldtcrc.com', 'bongsnpipes.com', 'buddeegear.au', 'c21china.com', 'c21invest.com', 'cairnscctv.au', 'camplanters.com', 'cctvrentals.au', 'ckmorgan.info', 'controlfreq.au', 'cooldynamics.au', 'cosectax.com', 'crunchright.com', 'crunchright.nz', 'culturecode.au', 'danraegroup.com', 'dawnmpugh.com', 'doctorpool.au', 'doncaster.church', 'doncasterpc.au', 'envirostyle.au', 'fayknight.com', 'gecko-gear.com', 'geckogear.au', 'geckogear.com', 'geekmobile.au', 'godtoday.world', 'goldieandace.nz', 'goodinvesting.nz', 'hakubaresort.com', 'healthiergo.au', 'hotellindrum.com', 'ictaustralia.com', 'invest4good.co', 'invest4good.nz', 'investgood.co', 'janeewins.com', 'jenandphils.au', 'jenphils.au', 'jmcphail.com', 'joesfoodco.com', 'johncurtin.org', 'kasabias.com', 'kilcoygolf.com', 'lifesgoodin.au', 'lordtim.info', 'lsclighting.nz', 'mrbenchtops.au', 'murabito.au', 'mycleanpos.com', 'newpathit.au', 'newpathweb.au', 'ournotes.net', 'paylesscctv.au', 'pollaers.com', 'powermove.au', 'psapparel.au', 'psychmednsw.au', 'psychmedqld.au', 'psychmedvic.au', 'psychmedwa.au', 'qvmtrader.com', 'reefcharter.au', 'roodenburg.au', 'sasswomen.com', 'seashepherd.nz', 'seekakadu.com', 'seeuluru.com', 'segueart.com', 'smartgivers.nz', 'soulvable.net', 'springshop.au', 'sunburycabs.au', 'th7bodylabs.au', 'th7labs.com', 'tonyrudd.com', 'tractor4u.com', 'wagga.florist', 'xermanager.au', 'xrayinstall.com'")))
About Page Error: HTTPSConnectionPool(host='yourceremony.net.au', port=443): Max retries exceeded with url: /about (Caused by SSLError(SSLCertVerificationError("hostname 'yourceremony.net.au' doesn't match either of 'accesscomms.au', 'adjusterusa.com', 'aedcourse.com', 'agworkforce.au', 'akinnovations.au', 'akwineclub.com', 'albury.florist', 'amelia-marie.com', 'americansta.org', 'anissafox.com', 'aplusexhaust.com', 'arcmigration.com', 'ausphysios.com', 'aztecblades.com', 'bellesoap.com', 'benchtops.biz', 'benchtops.net', 'billiardscam.com', 'blackoxide.au', 'bodypractic.com', 'boldtcrc.com', 'bongsnpipes.com', 'buddeegear.au', 'c21china.com', 'c21invest.com', 'cairnscctv.au', 'camplanters.com', 'cctvrentals.au', 'ckmorgan.info', 'controlfreq.au', 'cooldynamics.au', 'cosectax.com', 'crunchright.com', 'crunchright.nz', 'culturecode.au', 'danraegroup.com', 'dawnmpugh.com', 'doctorpool.au', 'doncaster.church', 'doncasterpc.au', 'envirostyle.au', 'fayknight.com', 'gecko-gear.com', 'geckogear.au', 'geckogear.com', 'geekmobile.au', 'godtoday.world', 'goldieandace.nz', 'goodinvesting.nz', 'hakubaresort.com', 'healthiergo.au', 'hotellindrum.com', 'ictaustralia.com', 'invest4good.co', 'invest4good.nz', 'investgood.co', 'janeewins.com', 'jenandphils.au', 'jenphils.au', 'jmcphail.com', 'joesfoodco.com', 'johncurtin.org', 'kasabias.com', 'kilcoygolf.com', 'lifesgoodin.au', 'lordtim.info', 'lsclighting.nz', 'mrbenchtops.au', 'murabito.au', 'mycleanpos.com', 'newpathit.au', 'newpathweb.au', 'ournotes.net', 'paylesscctv.au', 'pollaers.com', 'powermove.au', 'psapparel.au', 'psychmednsw.au', 'psychmedqld.au', 'psychmedvic.au', 'psychmedwa.au', 'qvmtrader.com', 'reefcharter.au', 'roodenburg.au', 'sasswomen.com', 'seashepherd.nz', 'seekakadu.com', 'seeuluru.com', 'segueart.com', 'smartgivers.nz', 'soulvable.net', 'springshop.au', 'sunburycabs.au', 'th7bodylabs.au', 'th7labs.com', 'tonyrudd.com', 'tractor4u.com', 'wagga.florist', 'xermanager.au', 'xrayinstall.com'")))
Contact Page Error: HTTPSConnectionPool(host='yourceremony.net.au', port=443): Max retries exceeded with url: /contact (Caused by SSLError(SSLCertVerificationError("hostname 'yourceremony.net.au' doesn't match either of 'accesscomms.au', 'adjusterusa.com', 'aedcourse.com', 'agworkforce.au', 'akinnovations.au', 'akwineclub.com', 'albury.florist', 'amelia-marie.com', 'americansta.org', 'anissafox.com', 'aplusexhaust.com', 'arcmigration.com', 'ausphysios.com', 'aztecblades.com', 'bellesoap.com', 'benchtops.biz', 'benchtops.net', 'billiardscam.com', 'blackoxide.au', 'bodypractic.com', 'boldtcrc.com', 'bongsnpipes.com', 'buddeegear.au', 'c21china.com', 'c21invest.com', 'cairnscctv.au', 'camplanters.com', 'cctvrentals.au', 'ckmorgan.info', 'controlfreq.au', 'cooldynamics.au', 'cosectax.com', 'crunchright.com', 'crunchright.nz', 'culturecode.au', 'danraegroup.com', 'dawnmpugh.com', 'doctorpool.au', 'doncaster.church', 'doncasterpc.au', 'envirostyle.au', 'fayknight.com', 'gecko-gear.com', 'geckogear.au', 'geckogear.com', 'geekmobile.au', 'godtoday.world', 'goldieandace.nz', 'goodinvesting.nz', 'hakubaresort.com', 'healthiergo.au', 'hotellindrum.com', 'ictaustralia.com', 'invest4good.co', 'invest4good.nz', 'investgood.co', 'janeewins.com', 'jenandphils.au', 'jenphils.au', 'jmcphail.com', 'joesfoodco.com', 'johncurtin.org', 'kasabias.com', 'kilcoygolf.com', 'lifesgoodin.au', 'lordtim.info', 'lsclighting.nz', 'mrbenchtops.au', 'murabito.au', 'mycleanpos.com', 'newpathit.au', 'newpathweb.au', 'ournotes.net', 'paylesscctv.au', 'pollaers.com', 'powermove.au', 'psapparel.au', 'psychmednsw.au', 'psychmedqld.au', 'psychmedvic.au', 'psychmedwa.au', 'qvmtrader.com', 'reefcharter.au', 'roodenburg.au', 'sasswomen.com', 'seashepherd.nz', 'seekakadu.com', 'seeuluru.com', 'segueart.com', 'smartgivers.nz', 'soulvable.net', 'springshop.au', 'sunburycabs.au', 'th7bodylabs.au', 'th7labs.com', 'tonyrudd.com', 'tractor4u.com', 'wagga.florist', 'xermanager.au', 'xrayinstall.com'")))
---------------------------------------------------------------


Content for https://munnoparaconcrete.com.au/:
Main Page Error: N/A
About Page Error: N/A
Contact Page Error: N/A
---------------------------------------------------------------


Content for https://www.julieritch.com.au/:
Main Page Error: N/A
About Page Error: 404 Client Error: Not Found for url: https://www.julieritch.com.au/about
Contact Page Error: N/A
---------------------------------------------------------------


Content for https://www.celebranttasmania.com/:
Main Page Error: N/A
About Page Error: 404 Client Error: Not Found for url: https://www.celebranttasmania.com/about
Contact Page Error: N/A
---------------------------------------------------------------


Content for https://janela35.wixsite.com/lisaweddingservices:
Main Page Error: N/A
About Page Error: 404 Client Error: Not Found for url: https://janela35.wixsite.com/lisaweddingservices/about
Contact Page Error: 404 Client Error: Not Found for url: https://janela35.wixsite.com/lisaweddingservices/contact
---------------------------------------------------------------


Content for http://paradisemarriages.com:
Main Page Error: N/A
About Page Error: N/A
Contact Page Error: N/A
---------------------------------------------------------------


Content for http://creativeblockspsychology.com.au/:
Main Page Error: 403 Client Error: Forbidden for url: http://creativeblockspsychology.com.au/
About Page Error: 403 Client Error: Forbidden for url: http://creativeblockspsychology.com.au/about
Contact Page Error: 403 Client Error: Forbidden for url: http://creativeblockspsychology.com.au/contact
---------------------------------------------------------------


Content for https://mary-ann-holt-celebrant-wedding-ceremonies.business.site/:
Main Page Error: 404 Client Error: Not Found for url: https://mary-ann-holt-celebrant-wedding-ceremonies.business.site/
About Page Error: 404 Client Error: Not Found for url: https://mary-ann-holt-celebrant-wedding-ceremonies.business.site/about
Contact Page Error: 404 Client Error: Not Found for url: https://mary-ann-holt-celebrant-wedding-ceremonies.business.site/contact
---------------------------------------------------------------


Content for http://www.metunghotsprings.com/metung-country-club:
Main Page Error: N/A
About Page Error: 404 Client Error: Not Found for url: https://www.metunghotsprings.com/metung-country-club/about
Contact Page Error: 404 Client Error: Not Found for url: https://www.metunghotsprings.com/metung-country-club/contact
---------------------------------------------------------------


Content for http://www.queenscliffgolfclub.com.au/:
Main Page Error: N/A
About Page Error: 404 Client Error: Not Found for url: https://www.queenscliffgolfclub.com.au/about
Contact Page Error: 404 Client Error: Not Found for url: https://www.queenscliffgolfclub.com.au/contact
---------------------------------------------------------------


Content for https://www.facebook.com/www.golfclubtumba.com.au/:
Main Page Error: N/A
About Page Error: N/A
Contact Page Error: 404 Client Error: Not Found for url: https://www.facebook.com/www.golfclubtumba.com.au/contact
---------------------------------------------------------------


