Content for http://topnotchroofing.com.au:
Main Page Error: Failed to fetch the page
About Page Error: Failed to fetch the page
Contact Page Error: Failed to fetch the page
---------------------------------------------------------------


Content for https://www.cryoprep.com/:
Main Page Error: Failed to fetch the page
About Page Error: Failed to fetch the page
Contact Page Error: Failed to fetch the page
---------------------------------------------------------------


Content for https://www.vitachiropractic.com.au/:
Main Page Error: N/A
About Page Error: N/A
Contact Page Error: N/A
---------------------------------------------------------------


Content for https://will-build-builder-carpenter.business.site/:
Main Page Error: Failed to fetch the page
About Page Error: Failed to fetch the page
Contact Page Error: Failed to fetch the page
---------------------------------------------------------------


Content for https://e1poolcertifier.com/:
Main Page Error: N/A
About Page Error: N/A
Contact Page Error: N/A
---------------------------------------------------------------


