Content for https://e1poolcertifier.com/contact:
Main Page Error: N/A
About Page Error: No matching page found for 'about'
Contact Page Error: N/A
---------------------------------------------------------------


Content for https://e1poolcertifier.com/about-the-certification:
Main Page Error: N/A
About Page Error: No matching page found for 'about'
Contact Page Error: N/A
---------------------------------------------------------------


Content for https://e1poolcertifier.com/contact:
Main Page Error: N/A
About Page Error: No matching page found for 'about'
Contact Page Error: N/A
---------------------------------------------------------------


Content for https://e1poolcertifier.com/contact:
Main Page Error: N/A
About Page Error: No matching page found for 'about'
Contact Page Error: N/A
---------------------------------------------------------------


